<?xml version="1.0" encoding="UTF-8"?>
<!-- Generated by org.testng.reporters.JUnitReportReporter -->
<testsuite hostname="ATMECSINLT-083" failures="0" tests="3" name="com.atmecs.testscripts.TestCases" time="29.167" errors="0" timestamp="27 Sep 2019 13:35:40 GMT" skipped="0">
  <testcase classname="com.atmecs.testscripts.TestCases" name="Validatingfooter" time="6.303"/>
  <testcase classname="com.atmecs.testscripts.TestCases" name="Services" time="6.583"/>
  <testcase classname="com.atmecs.testscripts.TestCases" name="insights" time="16.281"/>
</testsuite> <!-- com.atmecs.testscripts.TestCases -->
