<?xml version="1.0" encoding="UTF-8"?>
<!-- Generated by org.testng.reporters.JUnitReportReporter -->
<testsuite hostname="ATMECSINLT-083" failures="0" tests="3" name="com.atmecs.testscripts.TestCases" time="35.318" errors="0" timestamp="30 Sep 2019 14:23:51 GMT" skipped="0">
  <testcase classname="com.atmecs.testscripts.TestCases" name="Validatingfooter" time="20.051"/>
  <testcase classname="com.atmecs.testscripts.TestCases" name="Services" time="5.578"/>
  <testcase classname="com.atmecs.testscripts.TestCases" name="insights" time="9.689"/>
</testsuite> <!-- com.atmecs.testscripts.TestCases -->
