<?xml version="1.0" encoding="UTF-8"?>
<!-- Generated by org.testng.reporters.JUnitReportReporter -->
<testsuite hostname="ATMECSINLT-083" failures="0" tests="1" name="com.atmecs.testbase.TestBase" time="7.517" errors="0" timestamp="27 Sep 2019 11:45:28 GMT" skipped="0">
  <testcase classname="com.atmecs.testbase.TestBase" name="initializeBrowser" time="7.517"/>
</testsuite> <!-- com.atmecs.testbase.TestBase -->
