<?xml version="1.0" encoding="UTF-8"?>
<!-- Generated by org.testng.reporters.JUnitReportReporter -->
<testsuite hostname="ATMECSINLT-083" failures="0" tests="3" name="com.atmecs.testscripts.TestCases" time="23.137" errors="0" timestamp="30 Sep 2019 05:11:00 GMT" skipped="0">
  <testcase classname="com.atmecs.testscripts.TestCases" name="Validatingfooter" time="5.657"/>
  <testcase classname="com.atmecs.testscripts.TestCases" name="Services" time="5.045"/>
  <testcase classname="com.atmecs.testscripts.TestCases" name="insights" time="12.435"/>
</testsuite> <!-- com.atmecs.testscripts.TestCases -->
