<?xml version="1.0" encoding="UTF-8"?>
<!-- Generated by org.testng.reporters.JUnitReportReporter -->
<testsuite hostname="ATMECSINLT-083" failures="0" tests="3" name="com.atmecs.testscripts.TestCases" time="30.477" errors="0" timestamp="27 Sep 2019 13:34:22 GMT" skipped="0">
  <testcase classname="com.atmecs.testscripts.TestCases" name="Validatingfooter" time="6.580"/>
  <testcase classname="com.atmecs.testscripts.TestCases" name="Services" time="6.750"/>
  <testcase classname="com.atmecs.testscripts.TestCases" name="insights" time="17.147"/>
</testsuite> <!-- com.atmecs.testscripts.TestCases -->
